<?xml version="1.0" encoding="UTF-8"?>
<!-- Generated by org.testng.reporters.JUnitXMLReporter -->
<testsuite hostname="Chaitanya-Thota" ignored="0" name="hub spot Sanity Test" tests="10" failures="0" timestamp="2019-09-15T13:18:33 IST" time="365.637" errors="0">
  <testcase name="loginTest" time="17.894" classname="com.qa.hubspot.tests.LoginPageTest"/>
  <testcase name="loginPageTitleTest" time="23.02" classname="com.qa.hubspot.tests.LoginPageTest"/>
  <testcase name="verifyHomePageTitleTest" time="11.687" classname="com.qa.hubspot.tests.HomePageTest"/>
  <testcase name="verifyHomePageHeaderTest" time="8.807" classname="com.qa.hubspot.tests.HomePageTest"/>
  <testcase name="verifyLoggedInUserAccountTest" time="10.589" classname="com.qa.hubspot.tests.HomePageTest"/>
  <testcase name="verifyContactsPageTitle" time="1.058" classname="com.qa.hubspot.tests.ContactsPageTest"/>
  <testcase name="CreateNewContactTest" time="10.08" classname="com.qa.hubspot.tests.ContactsPageTest"/>
  <testcase name="CreateNewContactTest" time="11.046" classname="com.qa.hubspot.tests.ContactsPageTest"/>
  <testcase name="CreateNewContactTest" time="10.563" classname="com.qa.hubspot.tests.ContactsPageTest"/>
  <testcase name="CreateNewContactTest" time="9.848" classname="com.qa.hubspot.tests.ContactsPageTest"/>
</testsuite> <!-- hub spot Sanity Test -->
