<?xml version="1.0" encoding="UTF-8"?>
<!-- Generated by org.testng.reporters.JUnitXMLReporter -->
<testsuite hostname="Chaitanya-Thota" ignored="0" name="hub spot Sanity Test" tests="7" failures="0" timestamp="2019-09-09T14:31:06 IST" time="139.961" errors="0">
  <testcase name="loginTest" time="7.748" classname="com.qa.hubspot.tests.LoginPageTest"/>
  <testcase name="loginPageTitleTest" time="6.793" classname="com.qa.hubspot.tests.LoginPageTest"/>
  <testcase name="verifyHomePageTitleTest" time="4.819" classname="com.qa.hubspot.tests.HomePageTest"/>
  <testcase name="verifyHomePageHeaderTest" time="5.43" classname="com.qa.hubspot.tests.HomePageTest"/>
  <testcase name="verifyLoggedInUserAccountTest" time="6.262" classname="com.qa.hubspot.tests.HomePageTest"/>
  <testcase name="verifyContactsPageTitle" time="0.541" classname="com.qa.hubspot.tests.ContactsPageTest"/>
  <testcase name="CreateNewContactTest" time="8.742" classname="com.qa.hubspot.tests.ContactsPageTest"/>
</testsuite> <!-- hub spot Sanity Test -->
