<?xml version="1.0" encoding="UTF-8"?>
<!-- Generated by org.testng.reporters.JUnitXMLReporter -->
<testsuite hostname="Chaitanya-Thota" ignored="0" name="Default test" tests="5" failures="0" timestamp="2019-09-09T19:58:05 IST" time="219.611" errors="0">
  <testcase name="verifyContactsPageTitle" time="0.728" classname="com.qa.hubspot.tests.ContactsPageTest"/>
  <testcase name="CreateNewContactTest" time="8.352" classname="com.qa.hubspot.tests.ContactsPageTest"/>
  <testcase name="CreateNewContactTest" time="8.487" classname="com.qa.hubspot.tests.ContactsPageTest"/>
  <testcase name="CreateNewContactTest" time="89.751" classname="com.qa.hubspot.tests.ContactsPageTest"/>
  <testcase name="CreateNewContactTest" time="8.78" classname="com.qa.hubspot.tests.ContactsPageTest"/>
</testsuite> <!-- Default test -->
