<?xml version="1.0" encoding="UTF-8"?>
<testng-results skipped="0" failed="0" ignored="0" total="5" passed="5">
  <reporter-output>
  </reporter-output>
  <suite name="Default suite" duration-ms="219611" started-at="2019-09-09T19:54:26 IST" finished-at="2019-09-09T19:58:05 IST">
    <groups>
    </groups>
    <test name="Default test" duration-ms="219611" started-at="2019-09-09T19:54:26 IST" finished-at="2019-09-09T19:58:05 IST">
      <class name="com.qa.hubspot.tests.ContactsPageTest">
        <test-method status="PASS" signature="setUp()[pri:0, instance:com.qa.hubspot.tests.ContactsPageTest@1d71006f]" name="setUp" is-config="true" duration-ms="21839" started-at="2019-09-09T19:54:26 IST" finished-at="2019-09-09T19:54:48 IST">
          <reporter-output>
          </reporter-output>
        </test-method> <!-- setUp -->
        <test-method status="PASS" signature="verifyContactsPageTitle()[pri:1, instance:com.qa.hubspot.tests.ContactsPageTest@1d71006f]" name="verifyContactsPageTitle" duration-ms="728" started-at="2019-09-09T19:54:48 IST" finished-at="2019-09-09T19:54:49 IST">
          <reporter-output>
          </reporter-output>
        </test-method> <!-- verifyContactsPageTitle -->
        <test-method status="PASS" signature="tearDown()[pri:0, instance:com.qa.hubspot.tests.ContactsPageTest@1d71006f]" name="tearDown" is-config="true" duration-ms="691" started-at="2019-09-09T19:54:49 IST" finished-at="2019-09-09T19:54:49 IST">
          <reporter-output>
          </reporter-output>
        </test-method> <!-- tearDown -->
        <test-method status="PASS" signature="setUp()[pri:0, instance:com.qa.hubspot.tests.ContactsPageTest@1d71006f]" name="setUp" is-config="true" duration-ms="19362" started-at="2019-09-09T19:54:50 IST" finished-at="2019-09-09T19:55:10 IST">
          <reporter-output>
          </reporter-output>
        </test-method> <!-- setUp -->
        <test-method status="PASS" signature="CreateNewContactTest(java.lang.String, java.lang.String, java.lang.String, java.lang.String)[pri:2, instance:com.qa.hubspot.tests.ContactsPageTest@1d71006f]" name="CreateNewContactTest" duration-ms="8352" started-at="2019-09-09T19:55:10 IST" data-provider="getContactData" finished-at="2019-09-09T19:55:18 IST">
          <params>
            <param index="0">
              <value>
                <![CDATA[chaitanyathota123@gmail.com]]>
              </value>
            </param>
            <param index="1">
              <value>
                <![CDATA[chaitanya]]>
              </value>
            </param>
            <param index="2">
              <value>
                <![CDATA[thota]]>
              </value>
            </param>
            <param index="3">
              <value>
                <![CDATA[QA Automation Engineer]]>
              </value>
            </param>
          </params>
          <reporter-output>
          </reporter-output>
        </test-method> <!-- CreateNewContactTest -->
        <test-method status="PASS" signature="tearDown()[pri:0, instance:com.qa.hubspot.tests.ContactsPageTest@1d71006f]" name="tearDown" is-config="true" duration-ms="686" started-at="2019-09-09T19:55:18 IST" finished-at="2019-09-09T19:55:19 IST">
          <reporter-output>
          </reporter-output>
        </test-method> <!-- tearDown -->
        <test-method status="PASS" signature="setUp()[pri:0, instance:com.qa.hubspot.tests.ContactsPageTest@1d71006f]" name="setUp" is-config="true" duration-ms="18020" started-at="2019-09-09T19:55:19 IST" finished-at="2019-09-09T19:55:37 IST">
          <reporter-output>
          </reporter-output>
        </test-method> <!-- setUp -->
        <test-method status="PASS" signature="CreateNewContactTest(java.lang.String, java.lang.String, java.lang.String, java.lang.String)[pri:2, instance:com.qa.hubspot.tests.ContactsPageTest@1d71006f]" name="CreateNewContactTest" duration-ms="8487" started-at="2019-09-09T19:55:37 IST" data-provider="getContactData" finished-at="2019-09-09T19:55:45 IST">
          <params>
            <param index="0">
              <value>
                <![CDATA[shashank.akku@gmail.com]]>
              </value>
            </param>
            <param index="1">
              <value>
                <![CDATA[shashank]]>
              </value>
            </param>
            <param index="2">
              <value>
                <![CDATA[akku]]>
              </value>
            </param>
            <param index="3">
              <value>
                <![CDATA[Business Systems Analyst]]>
              </value>
            </param>
          </params>
          <reporter-output>
          </reporter-output>
        </test-method> <!-- CreateNewContactTest -->
        <test-method status="PASS" signature="tearDown()[pri:0, instance:com.qa.hubspot.tests.ContactsPageTest@1d71006f]" name="tearDown" is-config="true" duration-ms="697" started-at="2019-09-09T19:55:45 IST" finished-at="2019-09-09T19:55:46 IST">
          <reporter-output>
          </reporter-output>
        </test-method> <!-- tearDown -->
        <test-method status="PASS" signature="setUp()[pri:0, instance:com.qa.hubspot.tests.ContactsPageTest@1d71006f]" name="setUp" is-config="true" duration-ms="19863" started-at="2019-09-09T19:55:46 IST" finished-at="2019-09-09T19:56:06 IST">
          <reporter-output>
          </reporter-output>
        </test-method> <!-- setUp -->
        <test-method status="PASS" signature="CreateNewContactTest(java.lang.String, java.lang.String, java.lang.String, java.lang.String)[pri:2, instance:com.qa.hubspot.tests.ContactsPageTest@1d71006f]" name="CreateNewContactTest" duration-ms="89751" started-at="2019-09-09T19:56:06 IST" data-provider="getContactData" finished-at="2019-09-09T19:57:36 IST">
          <params>
            <param index="0">
              <value>
                <![CDATA[sweetycse435@gmail.com]]>
              </value>
            </param>
            <param index="1">
              <value>
                <![CDATA[sweety]]>
              </value>
            </param>
            <param index="2">
              <value>
                <![CDATA[hsd]]>
              </value>
            </param>
            <param index="3">
              <value>
                <![CDATA[QA lead]]>
              </value>
            </param>
          </params>
          <reporter-output>
          </reporter-output>
        </test-method> <!-- CreateNewContactTest -->
        <test-method status="PASS" signature="tearDown()[pri:0, instance:com.qa.hubspot.tests.ContactsPageTest@1d71006f]" name="tearDown" is-config="true" duration-ms="604" started-at="2019-09-09T19:57:36 IST" finished-at="2019-09-09T19:57:36 IST">
          <reporter-output>
          </reporter-output>
        </test-method> <!-- tearDown -->
        <test-method status="PASS" signature="setUp()[pri:0, instance:com.qa.hubspot.tests.ContactsPageTest@1d71006f]" name="setUp" is-config="true" duration-ms="19412" started-at="2019-09-09T19:57:36 IST" finished-at="2019-09-09T19:57:56 IST">
          <reporter-output>
          </reporter-output>
        </test-method> <!-- setUp -->
        <test-method status="PASS" signature="CreateNewContactTest(java.lang.String, java.lang.String, java.lang.String, java.lang.String)[pri:2, instance:com.qa.hubspot.tests.ContactsPageTest@1d71006f]" name="CreateNewContactTest" duration-ms="8780" started-at="2019-09-09T19:57:56 IST" data-provider="getContactData" finished-at="2019-09-09T19:58:04 IST">
          <params>
            <param index="0">
              <value>
                <![CDATA[divyahingorani84@gmail.com]]>
              </value>
            </param>
            <param index="1">
              <value>
                <![CDATA[divya]]>
              </value>
            </param>
            <param index="2">
              <value>
                <![CDATA[hingorani]]>
              </value>
            </param>
            <param index="3">
              <value>
                <![CDATA[Developer]]>
              </value>
            </param>
          </params>
          <reporter-output>
          </reporter-output>
        </test-method> <!-- CreateNewContactTest -->
        <test-method status="PASS" signature="tearDown()[pri:0, instance:com.qa.hubspot.tests.ContactsPageTest@1d71006f]" name="tearDown" is-config="true" duration-ms="705" started-at="2019-09-09T19:58:04 IST" finished-at="2019-09-09T19:58:05 IST">
          <reporter-output>
          </reporter-output>
        </test-method> <!-- tearDown -->
      </class> <!-- com.qa.hubspot.tests.ContactsPageTest -->
    </test> <!-- Default test -->
  </suite> <!-- Default suite -->
</testng-results>
